# JRE version: Java(TM) SE Runtime Environment (8.0_131-b11) (build 1.8.0_131-b11)
# Java VM: Java HotSpot(TM) 64-Bit Server VM (25.131-b11 mixed mode windows-amd64 compressed oops)
Heap:
 PSYoungGen      total 31744K, used 12692K [0x00000000e0000000, 0x00000000e4600000, 0x0000000100000000)
  eden space 29696K, 35% used [0x00000000e0000000,0x00000000e0a6aff8,0x00000000e1d00000)
  from space 2048K, 98% used [0x00000000e1d00000,0x00000000e1efa040,0x00000000e1f00000)
  to   space 6144K, 0% used [0x00000000e4000000,0x00000000e4000000,0x00000000e4600000)
 ParOldGen       total 38400K, used 9287K [0x00000000a0000000, 0x00000000a2580000, 0x00000000e0000000)
  object space 38400K, 24% used [0x00000000a0000000,0x00000000a0911ee8,0x00000000a2580000)
 Metaspace       used 16333K, capacity 16668K, committed 16896K, reserved 1062912K
  class space    used 2347K, capacity 2476K, committed 2560K, reserved 1048576K
GC Heap History (10 events):
Event: 0.860 GC heap before
{Heap before GC invocations=1 (full 0):
 PSYoungGen      total 16896K, used 14848K [0x00000000e0000000, 0x00000000e1280000, 0x0000000100000000)
  eden space 14848K, 100% used [0x00000000e0000000,0x00000000e0e80000,0x00000000e0e80000)
  from space 2048K, 0% used [0x00000000e1080000,0x00000000e1080000,0x00000000e1280000)
  to   space 2048K, 0% used [0x00000000e0e80000,0x00000000e0e80000,0x00000000e1080000)
 ParOldGen       total 38400K, used 0K [0x00000000a0000000, 0x00000000a2580000, 0x00000000e0000000)
  object space 38400K, 0% used [0x00000000a0000000,0x00000000a0000000,0x00000000a2580000)
 Metaspace       used 6322K, capacity 6440K, committed 6528K, reserved 1056768K
  class space    used 792K, capacity 824K, committed 896K, reserved 1048576K
Event: 0.865 GC heap after
Heap after GC invocations=1 (full 0):
 PSYoungGen      total 16896K, used 2034K [0x00000000e0000000, 0x00000000e1280000, 0x0000000100000000)
  eden space 14848K, 0% used [0x00000000e0000000,0x00000000e0000000,0x00000000e0e80000)
  from space 2048K, 99% used [0x00000000e0e80000,0x00000000e107c8c8,0x00000000e1080000)
  to   space 2048K, 0% used [0x00000000e1080000,0x00000000e1080000,0x00000000e1280000)
 ParOldGen       total 38400K, used 1224K [0x00000000a0000000, 0x00000000a2580000, 0x00000000e0000000)
  object space 38400K, 3% used [0x00000000a0000000,0x00000000a01321c8,0x00000000a2580000)
 Metaspace       used 6322K, capacity 6440K, committed 6528K, reserved 1056768K
  class space    used 792K, capacity 824K, committed 896K, reserved 1048576K
}
Event: 1.125 GC heap before
{Heap before GC invocations=2 (full 0):
 PSYoungGen      total 16896K, used 16882K [0x00000000e0000000, 0x00000000e1280000, 0x0000000100000000)
  eden space 14848K, 100% used [0x00000000e0000000,0x00000000e0e80000,0x00000000e0e80000)
  from space 2048K, 99% used [0x00000000e0e80000,0x00000000e107c8c8,0x00000000e1080000)
  to   space 2048K, 0% used [0x00000000e1080000,0x00000000e1080000,0x00000000e1280000)
 ParOldGen       total 38400K, used 1224K [0x00000000a0000000, 0x00000000a2580000, 0x00000000e0000000)
  object space 38400K, 3% used [0x00000000a0000000,0x00000000a01321c8,0x00000000a2580000)
 Metaspace       used 6928K, capacity 7048K, committed 7168K, reserved 1056768K
  class space    used 873K, capacity 920K, committed 1024K, reserved 1048576K
Event: 1.130 GC heap after
Heap after GC invocations=2 (full 0):
 PSYoungGen      total 16896K, used 2024K [0x00000000e0000000, 0x00000000e2100000, 0x0000000100000000)
  eden space 14848K, 0% used [0x00000000e0000000,0x00000000e0000000,0x00000000e0e80000)
  from space 2048K, 98% used [0x00000000e1080000,0x00000000e127a040,0x00000000e1280000)
  to   space 2048K, 0% used [0x00000000e0e80000,0x00000000e0e80000,0x00000000e1080000)
 ParOldGen       total 38400K, used 1891K [0x00000000a0000000, 0x00000000a2580000, 0x00000000e0000000)
  object space 38400K, 4% used [0x00000000a0000000,0x00000000a01d8e80,0x00000000a2580000)
 Metaspace       used 6928K, capacity 7048K, committed 7168K, reserved 1056768K
  class space    used 873K, capacity 920K, committed 1024K, reserved 1048576K
}
Event: 1.390 GC heap before
{Heap before GC invocations=3 (full 0):
 PSYoungGen      total 16896K, used 16872K [0x00000000e0000000, 0x00000000e2100000, 0x0000000100000000)
  eden space 14848K, 100% used [0x00000000e0000000,0x00000000e0e80000,0x00000000e0e80000)
  from space 2048K, 98% used [0x00000000e1080000,0x00000000e127a040,0x00000000e1280000)
  to   space 2048K, 0% used [0x00000000e0e80000,0x00000000e0e80000,0x00000000e1080000)
 ParOldGen       total 38400K, used 1891K [0x00000000a0000000, 0x00000000a2580000, 0x00000000e0000000)
  object space 38400K, 4% used [0x00000000a0000000,0x00000000a01d8e80,0x00000000a2580000)
 Metaspace       used 7638K, capacity 7776K, committed 8064K, reserved 1056768K
  class space    used 996K, capacity 1056K, committed 1152K, reserved 1048576K
Event: 1.398 GC heap after
Heap after GC invocations=3 (full 0):
 PSYoungGen      total 16896K, used 2024K [0x00000000e0000000, 0x00000000e2100000, 0x0000000100000000)
  eden space 14848K, 0% used [0x00000000e0000000,0x00000000e0000000,0x00000000e0e80000)
  from space 2048K, 98% used [0x00000000e0e80000,0x00000000e107a020,0x00000000e1080000)
  to   space 2048K, 0% used [0x00000000e1f00000,0x00000000e1f00000,0x00000000e2100000)
 ParOldGen       total 38400K, used 3226K [0x00000000a0000000, 0x00000000a2580000, 0x00000000e0000000)
  object space 38400K, 8% used [0x00000000a0000000,0x00000000a0326af8,0x00000000a2580000)
 Metaspace       used 7638K, capacity 7776K, committed 8064K, reserved 1056768K
  class space    used 996K, capacity 1056K, committed 1152K, reserved 1048576K
}
Event: 15.910 GC heap before
{Heap before GC invocations=4 (full 0):
 PSYoungGen      total 16896K, used 16872K [0x00000000e0000000, 0x00000000e2100000, 0x0000000100000000)
  eden space 14848K, 100% used [0x00000000e0000000,0x00000000e0e80000,0x00000000e0e80000)
  from space 2048K, 98% used [0x00000000e0e80000,0x00000000e107a020,0x00000000e1080000)
  to   space 2048K, 0% used [0x00000000e1f00000,0x00000000e1f00000,0x00000000e2100000)
 ParOldGen       total 38400K, used 3226K [0x00000000a0000000, 0x00000000a2580000, 0x00000000e0000000)
  object space 38400K, 8% used [0x00000000a0000000,0x00000000a0326af8,0x00000000a2580000)
 Metaspace       used 11971K, capacity 12260K, committed 12544K, reserved 1060864K
  class space    used 1606K, capacity 1736K, committed 1792K, reserved 1048576K
Event: 15.932 GC heap after
Heap after GC invocations=4 (full 0):
 PSYoungGen      total 31744K, used 2024K [0x00000000e0000000, 0x00000000e2100000, 0x0000000100000000)
  eden space 29696K, 0% used [0x00000000e0000000,0x00000000e0000000,0x00000000e1d00000)
  from space 2048K, 98% used [0x00000000e1f00000,0x00000000e20fa020,0x00000000e2100000)
  to   space 2048K, 0% used [0x00000000e1d00000,0x00000000e1d00000,0x00000000e1f00000)
 ParOldGen       total 38400K, used 5396K [0x00000000a0000000, 0x00000000a2580000, 0x00000000e0000000)
  object space 38400K, 14% used [0x00000000a0000000,0x00000000a05452c8,0x00000000a2580000)
 Metaspace       used 11971K, capacity 12260K, committed 12544K, reserved 1060864K
  class space    used 1606K, capacity 1736K, committed 1792K, reserved 1048576K
}
Event: 16.721 GC heap before
{Heap before GC invocations=5 (full 0):
 PSYoungGen      total 31744K, used 31720K [0x00000000e0000000, 0x00000000e2100000, 0x0000000100000000)
  eden space 29696K, 100% used [0x00000000e0000000,0x00000000e1d00000,0x00000000e1d00000)
  from space 2048K, 98% used [0x00000000e1f00000,0x00000000e20fa020,0x00000000e2100000)
  to   space 2048K, 0% used [0x00000000e1d00000,0x00000000e1d00000,0x00000000e1f00000)
 ParOldGen       total 38400K, used 5396K [0x00000000a0000000, 0x00000000a2580000, 0x00000000e0000000)
  object space 38400K, 14% used [0x00000000a0000000,0x00000000a05452c8,0x00000000a2580000)
 Metaspace       used 14986K, capacity 15332K, committed 15616K, reserved 1062912K
  class space    used 2125K, capacity 2248K, committed 2304K, reserved 1048576K
Event: 16.733 GC heap after
Heap after GC invocations=5 (full 0):
 PSYoungGen      total 31744K, used 2024K [0x00000000e0000000, 0x00000000e4600000, 0x0000000100000000)
  eden space 29696K, 0% used [0x00000000e0000000,0x00000000e0000000,0x00000000e1d00000)
  from space 2048K, 98% used [0x00000000e1d00000,0x00000000e1efa040,0x00000000e1f00000)
  to   space 6144K, 0% used [0x00000000e4000000,0x00000000e4000000,0x00000000e4600000)
 ParOldGen       total 38400K, used 9287K [0x00000000a0000000, 0x00000000a2580000, 0x00000000e0000000)
  object space 38400K, 24% used [0x00000000a0000000,0x00000000a0911ee8,0x00000000a2580000)
 Metaspace       used 14986K, capacity 15332K, committed 15616K, reserved 1062912K
  class space    used 2125K, capacity 2248K, committed 2304K, reserved 1048576K
}

